2017-07-03 12:58:30,042 INFO runmanager: 

===============starting===============

2017-07-03 12:58:43,259 INFO runmanager: Engage
2017-07-03 12:58:43,259 INFO runmanager: Parsing globals...
2017-07-03 12:58:43,325 INFO runmanager: Making h5 files
2017-07-03 12:58:43,342 INFO runmanager: end engage
2017-07-03 13:13:31,729 INFO runmanager: 

===============starting===============

2017-07-03 13:21:27,167 INFO runmanager: 

===============starting===============

2017-07-03 14:19:40,296 INFO runmanager: 

===============starting===============

2017-07-03 14:21:43,265 INFO runmanager: 

===============starting===============

2017-07-03 14:22:24,612 INFO runmanager: Engage
2017-07-03 14:22:24,614 INFO runmanager: Parsing globals...
2017-07-03 14:22:24,683 INFO runmanager: Making h5 files
2017-07-03 14:22:24,684 INFO runmanager: end engage
2017-07-03 14:24:16,716 INFO runmanager: Engage
2017-07-03 14:24:16,716 INFO runmanager: Parsing globals...
2017-07-03 14:24:16,789 INFO runmanager: Making h5 files
2017-07-03 14:24:16,790 INFO runmanager: end engage
2017-07-03 14:37:11,164 INFO runmanager: Engage
2017-07-03 14:37:11,164 INFO runmanager: Parsing globals...
2017-07-03 14:37:11,240 INFO runmanager: Making h5 files
2017-07-03 14:37:11,240 INFO runmanager: end engage
2017-07-03 14:37:13,400 INFO runmanager: runviewer not running, attempting to start...
2017-07-03 14:48:45,727 INFO runmanager: Engage
2017-07-03 14:48:45,727 INFO runmanager: Parsing globals...
2017-07-03 14:48:45,795 INFO runmanager: Making h5 files
2017-07-03 14:48:45,796 INFO runmanager: end engage
2017-07-03 14:48:47,085 INFO runmanager: runviewer not running, attempting to start...
2017-07-03 14:51:28,565 INFO runmanager: 

===============starting===============

2017-07-03 14:55:36,700 INFO runmanager: 

===============starting===============

2017-07-03 14:56:57,414 INFO runmanager: 

===============starting===============

2017-08-03 15:49:36,033 INFO runmanager: 

===============starting===============

